<?xml version="1.0" encoding="UTF-8"?>
<testng-results skipped="0" failed="0" total="1" passed="1">
  <reporter-output>
  </reporter-output>
  <suite name="WorkWithFiles-Suite" duration-ms="18293" started-at="2018-03-21T23:15:51Z" finished-at="2018-03-21T23:16:09Z">
    <groups>
    </groups>
    <test name="WorkWithFiles-Test" duration-ms="18293" started-at="2018-03-21T23:15:51Z" finished-at="2018-03-21T23:16:09Z">
      <class name="com.packt.tests.WorkWithFiles">
        <test-method status="PASS" signature="setUp(java.lang.String, org.testng.ITestContext)[pri:0, instance:com.packt.tests.WorkWithFiles@34033bd0]" name="setUp" is-config="true" duration-ms="3763" started-at="2018-03-21T19:15:51Z" finished-at="2018-03-21T19:15:55Z">
          <params>
            <param index="0">
              <value>
                <![CDATA[chrome]]>
              </value>
            </param>
            <param index="1">
              <value>
                <![CDATA[org.testng.TestRunner@30bce90b]]>
              </value>
            </param>
          </params>
          <reporter-output>
          </reporter-output>
        </test-method> <!-- setUp -->
        <test-method status="PASS" signature="fileUploadTest()[pri:0, instance:com.packt.tests.WorkWithFiles@34033bd0]" name="fileUploadTest" duration-ms="13819" started-at="2018-03-21T19:15:55Z" finished-at="2018-03-21T19:16:08Z">
          <reporter-output>
          </reporter-output>
        </test-method> <!-- fileUploadTest -->
        <test-method status="PASS" signature="tearDown()[pri:0, instance:com.packt.tests.WorkWithFiles@34033bd0]" name="tearDown" is-config="true" duration-ms="695" started-at="2018-03-21T19:16:08Z" finished-at="2018-03-21T19:16:09Z">
          <reporter-output>
          </reporter-output>
        </test-method> <!-- tearDown -->
      </class> <!-- com.packt.tests.WorkWithFiles -->
    </test> <!-- WorkWithFiles-Test -->
  </suite> <!-- WorkWithFiles-Suite -->
</testng-results>
