<?xml version="1.0" encoding="UTF-8"?>
<!-- Generated by org.testng.reporters.JUnitXMLReporter -->
<testsuite hostname="Dee-PC" ignored="1" name="AdvancedInteractions-Test" tests="1" failures="0" timestamp="24 Mar 2018 14:43:05 GMT" time="20.951" errors="0">
  <testcase name="iframeTest" time="15.881" classname="com.packt.tests.AdvancedInteractions"/>
  <testcase name="newWindowTest" time="0.0" classname="com.packt.tests.AdvancedInteractions">
    <ignored/>
  </testcase> <!-- newWindowTest -->
</testsuite> <!-- AdvancedInteractions-Test -->
