<?xml version="1.0" encoding="UTF-8"?>
<testng-results skipped="0" failed="0" ignored="0" total="4" passed="4">
  <reporter-output>
  </reporter-output>
  <suite name="Troubleshooting-Suite" duration-ms="41948" started-at="2018-03-03T16:15:23Z" finished-at="2018-03-03T16:16:05Z">
    <groups>
    </groups>
    <test name="Troubleshooting-Test" duration-ms="41948" started-at="2018-03-03T16:15:23Z" finished-at="2018-03-03T16:16:05Z">
      <class name="com.packt.tests.Troubleshooting">
        <test-method status="PASS" signature="otherTest()[pri:0, instance:com.packt.tests.Troubleshooting@79698539]" name="otherTest" duration-ms="14983" started-at="2018-03-03T16:15:23Z" finished-at="2018-03-03T16:15:38Z">
          <reporter-output>
          </reporter-output>
        </test-method> <!-- otherTest -->
        <test-method status="PASS" signature="staleElementTest()[pri:0, instance:com.packt.tests.Troubleshooting@79698539]" name="staleElementTest" duration-ms="6086" started-at="2018-03-03T16:15:38Z" finished-at="2018-03-03T16:15:44Z">
          <reporter-output>
          </reporter-output>
        </test-method> <!-- staleElementTest -->
        <test-method status="PASS" signature="visibilityTest()[pri:0, instance:com.packt.tests.Troubleshooting@79698539]" name="visibilityTest" duration-ms="10354" started-at="2018-03-03T16:15:44Z" finished-at="2018-03-03T16:15:54Z">
          <reporter-output>
          </reporter-output>
        </test-method> <!-- visibilityTest -->
        <test-method status="PASS" signature="waitTest()[pri:0, instance:com.packt.tests.Troubleshooting@79698539]" name="waitTest" duration-ms="10491" started-at="2018-03-03T16:15:54Z" finished-at="2018-03-03T16:16:05Z">
          <reporter-output>
          </reporter-output>
        </test-method> <!-- waitTest -->
      </class> <!-- com.packt.tests.Troubleshooting -->
    </test> <!-- Troubleshooting-Test -->
  </suite> <!-- Troubleshooting-Suite -->
</testng-results>
