<?xml version="1.0" encoding="UTF-8"?>
<!-- Generated by org.testng.reporters.JUnitXMLReporter -->
<testsuite hostname="Dee-PC" ignored="1" name="FirstTest-test" tests="1" failures="0" timestamp="15 Mar 2018 21:50:07 GMT" time="14.609" errors="0">
  <testcase name="firstTest" time="2.573" classname="com.packt.tests.FirstTest"/>
  <testcase name="negativeLogInTest" time="0.0" classname="com.packt.tests.FirstTest">
    <ignored/>
  </testcase> <!-- negativeLogInTest -->
</testsuite> <!-- FirstTest-test -->
