<?xml version="1.0" encoding="UTF-8"?>
<!-- Generated by org.testng.reporters.JUnitXMLReporter -->
<testsuite hostname="Dee-PC" ignored="2" name="Troubleshooting" tests="2" failures="0" timestamp="03 Mar 2018 16:34:06 GMT" time="27.122" errors="0">
  <testcase name="waitTest" time="8.27" classname="com.packt.tests.Troubleshooting"/>
  <testcase name="visibilityTest" time="10.906" classname="com.packt.tests.Troubleshooting"/>
  <testcase name="otherTest" time="0.0" classname="com.packt.tests.Troubleshooting">
    <ignored/>
  </testcase> <!-- otherTest -->
  <testcase name="staleElementTest" time="0.0" classname="com.packt.tests.Troubleshooting">
    <ignored/>
  </testcase> <!-- staleElementTest -->
</testsuite> <!-- Troubleshooting -->
