<?xml version="1.0" encoding="UTF-8"?>
<testng-results skipped="0" failed="0" total="1" passed="1">
  <reporter-output>
  </reporter-output>
  <suite name="FirstTest-Suite" duration-ms="5822" started-at="2018-03-05T19:48:10Z" finished-at="2018-03-05T19:48:15Z">
    <groups>
    </groups>
    <test name="FirstTest-test" duration-ms="5822" started-at="2018-03-05T19:48:10Z" finished-at="2018-03-05T19:48:15Z">
      <class name="com.packt.tests.FirstTest">
        <test-method status="PASS" signature="setUp(java.lang.String)[pri:0, instance:com.packt.tests.FirstTest@3aa9e816]" name="setUp" is-config="true" duration-ms="3314" started-at="2018-03-05T14:48:10Z" finished-at="2018-03-05T14:48:13Z">
          <params>
            <param index="0">
              <value>
                <![CDATA[firefox]]>
              </value>
            </param>
          </params>
          <reporter-output>
          </reporter-output>
        </test-method> <!-- setUp -->
        <test-method status="PASS" signature="firstTest(java.lang.String, java.lang.String)[pri:0, instance:com.packt.tests.FirstTest@3aa9e816]" name="firstTest" duration-ms="1801" started-at="2018-03-05T14:48:13Z" finished-at="2018-03-05T14:48:15Z">
          <params>
            <param index="0">
              <value>
                <![CDATA[tomsmith]]>
              </value>
            </param>
            <param index="1">
              <value>
                <![CDATA[SuperSecretPassword!]]>
              </value>
            </param>
          </params>
          <reporter-output>
          </reporter-output>
        </test-method> <!-- firstTest -->
        <test-method status="PASS" signature="tearDown()[pri:0, instance:com.packt.tests.FirstTest@3aa9e816]" name="tearDown" is-config="true" duration-ms="689" started-at="2018-03-05T14:48:15Z" finished-at="2018-03-05T14:48:15Z">
          <reporter-output>
          </reporter-output>
        </test-method> <!-- tearDown -->
      </class> <!-- com.packt.tests.FirstTest -->
    </test> <!-- FirstTest-test -->
  </suite> <!-- FirstTest-Suite -->
</testng-results>
