<?xml version="1.0" encoding="UTF-8"?>
<!-- Generated by org.testng.reporters.JUnitXMLReporter -->
<testsuite hostname="Dee-PC" ignored="3" name="Troubleshooting-Test" tests="1" failures="0" timestamp="03 Mar 2018 17:48:31 GMT" time="12.488" errors="0">
  <testcase name="waitTest" time="7.34" classname="com.packt.tests.Troubleshooting"/>
  <testcase name="otherTest" time="0.0" classname="com.packt.tests.Troubleshooting">
    <ignored/>
  </testcase> <!-- otherTest -->
  <testcase name="staleElementTest" time="0.0" classname="com.packt.tests.Troubleshooting">
    <ignored/>
  </testcase> <!-- staleElementTest -->
  <testcase name="visibilityTest" time="0.0" classname="com.packt.tests.Troubleshooting">
    <ignored/>
  </testcase> <!-- visibilityTest -->
</testsuite> <!-- Troubleshooting-Test -->
