<?xml version="1.0" encoding="UTF-8"?>
<!-- Generated by org.testng.reporters.JUnitXMLReporter -->
<testsuite hostname="Dee-PC" name="FirstTest-test" tests="3" failures="0" timestamp="22 Mar 2018 20:11:21 GMT" time="15.942" errors="0">
  <testcase name="firstTest" time="1.803" classname="com.packt.tests.FirstTest"/>
  <testcase name="negativeLogInTest" time="2.012" classname="com.packt.tests.FirstTest"/>
  <testcase name="negativeLogInTest" time="1.742" classname="com.packt.tests.FirstTest"/>
</testsuite> <!-- FirstTest-test -->
