<?xml version="1.0" encoding="UTF-8"?>
<testng-results skipped="0" failed="0" total="1" passed="1">
  <reporter-output>
  </reporter-output>
  <suite name="FirstTest-Suite" duration-ms="9121" started-at="2018-03-13T20:18:11Z" finished-at="2018-03-13T20:18:20Z">
    <groups>
    </groups>
    <test name="FirstTest-test" duration-ms="9121" started-at="2018-03-13T20:18:11Z" finished-at="2018-03-13T20:18:20Z">
      <class name="com.packt.tests.FirstTest">
        <test-method status="PASS" signature="setUp(java.lang.String)[pri:0, instance:com.packt.tests.FirstTest@2eee9593]" name="setUp" is-config="true" duration-ms="5326" started-at="2018-03-13T16:18:11Z" finished-at="2018-03-13T16:18:16Z">
          <params>
            <param index="0">
              <value>
                <![CDATA[IE]]>
              </value>
            </param>
          </params>
          <reporter-output>
          </reporter-output>
        </test-method> <!-- setUp -->
        <test-method status="PASS" signature="firstTest(java.lang.String, java.lang.String)[pri:0, instance:com.packt.tests.FirstTest@2eee9593]" name="firstTest" duration-ms="2289" started-at="2018-03-13T16:18:16Z" finished-at="2018-03-13T16:18:18Z">
          <params>
            <param index="0">
              <value>
                <![CDATA[tomsmith]]>
              </value>
            </param>
            <param index="1">
              <value>
                <![CDATA[SuperSecretPassword!]]>
              </value>
            </param>
          </params>
          <reporter-output>
          </reporter-output>
        </test-method> <!-- firstTest -->
        <test-method status="PASS" signature="tearDown()[pri:0, instance:com.packt.tests.FirstTest@2eee9593]" name="tearDown" is-config="true" duration-ms="1491" started-at="2018-03-13T16:18:18Z" finished-at="2018-03-13T16:18:20Z">
          <reporter-output>
          </reporter-output>
        </test-method> <!-- tearDown -->
      </class> <!-- com.packt.tests.FirstTest -->
    </test> <!-- FirstTest-test -->
  </suite> <!-- FirstTest-Suite -->
</testng-results>
