<?xml version="1.0" encoding="UTF-8"?>
<!-- Generated by org.testng.reporters.JUnitXMLReporter -->
<testsuite hostname="Dee-PC" ignored="1" name="LogInTest-IE" tests="1" failures="0" timestamp="24 Mar 2018 15:03:32 GMT" time="12.567" errors="0">
  <testcase name="firstTest" time="5.037" classname="com.packt.tests.FirstTest"/>
  <testcase name="negativeLogInTest" time="0.0" classname="com.packt.tests.FirstTest">
    <ignored/>
  </testcase> <!-- negativeLogInTest -->
</testsuite> <!-- LogInTest-IE -->
