<?xml version="1.0" encoding="UTF-8"?>
<testng-results skipped="0" failed="0" total="1" passed="1">
  <reporter-output>
  </reporter-output>
  <suite name="FirstTest-Suite" duration-ms="10206" started-at="2018-03-27T19:11:59Z" finished-at="2018-03-27T19:12:10Z">
    <groups>
    </groups>
    <test name="FirstTest-test" duration-ms="10206" started-at="2018-03-27T19:11:59Z" finished-at="2018-03-27T19:12:10Z">
      <class name="com.packt.tests.FirstTest">
        <test-method status="PASS" signature="setUp(java.lang.String, org.testng.ITestContext)[pri:0, instance:com.packt.tests.FirstTest@721e0f4f]" name="setUp" is-config="true" duration-ms="6164" started-at="2018-03-27T15:11:59Z" finished-at="2018-03-27T15:12:06Z">
          <params>
            <param index="0">
              <value>
                <![CDATA[chrome]]>
              </value>
            </param>
            <param index="1">
              <value>
                <![CDATA[org.testng.TestRunner@9573584]]>
              </value>
            </param>
          </params>
          <reporter-output>
          </reporter-output>
        </test-method> <!-- setUp -->
        <test-method status="PASS" signature="firstTest(java.lang.String, java.lang.String)[pri:0, instance:com.packt.tests.FirstTest@721e0f4f]" name="firstTest" duration-ms="3099" started-at="2018-03-27T15:12:06Z" finished-at="2018-03-27T15:12:09Z">
          <params>
            <param index="0">
              <value>
                <![CDATA[tomsmith]]>
              </value>
            </param>
            <param index="1">
              <value>
                <![CDATA[SuperSecretPassword!]]>
              </value>
            </param>
          </params>
          <reporter-output>
          </reporter-output>
        </test-method> <!-- firstTest -->
        <test-method status="PASS" signature="tearDown()[pri:0, instance:com.packt.tests.FirstTest@721e0f4f]" name="tearDown" is-config="true" duration-ms="916" started-at="2018-03-27T15:12:09Z" finished-at="2018-03-27T15:12:10Z">
          <reporter-output>
          </reporter-output>
        </test-method> <!-- tearDown -->
      </class> <!-- com.packt.tests.FirstTest -->
    </test> <!-- FirstTest-test -->
  </suite> <!-- FirstTest-Suite -->
</testng-results>
