<?xml version="1.0" encoding="UTF-8"?>
<!-- Generated by org.testng.reporters.JUnitXMLReporter -->
<testsuite hostname="Dee-PC" name="Troubleshooting-Test" tests="4" failures="1" timestamp="27 Mar 2018 19:30:39 GMT" time="41.84" errors="0">
  <testcase name="otherTest" time="10.559" classname="com.packt.tests.Troubleshooting"/>
  <testcase name="staleElementTest" time="3.833" classname="com.packt.tests.Troubleshooting"/>
  <testcase name="visibilityTest" time="6.692" classname="com.packt.tests.Troubleshooting"/>
  <testcase name="waitTest" time="6.511" classname="com.packt.tests.Troubleshooting">
    <failure type="java.lang.AssertionError" message="&amp;apos;Good Bye World! text is not present on the page.&amp;apos; expected [true] but found [false]">
      <![CDATA[java.lang.AssertionError: 'Good Bye World! text is not present on the page.' expected [true] but found [false]
	at com.packt.tests.Troubleshooting.waitTest(Troubleshooting.java:32)
... Removed 27 stack frames]]>
    </failure>
  </testcase> <!-- waitTest -->
</testsuite> <!-- Troubleshooting-Test -->
