<?xml version="1.0" encoding="UTF-8"?>
<!-- Generated by org.testng.reporters.JUnitXMLReporter -->
<testsuite hostname="Dee-PC" name="FirstTest" tests="3" failures="0" timestamp="29 Mar 2018 19:17:37 GMT" time="14.104" errors="0">
  <testcase name="firstTest" time="0.003" classname="com.packt.tests.FirstTest">
    <skipped/>
  </testcase> <!-- firstTest -->
  <testcase name="negativeLogInTest" time="3.105" classname="com.packt.tests.FirstTest"/>
  <testcase name="negativeLogInTest" time="3.434" classname="com.packt.tests.FirstTest"/>
</testsuite> <!-- FirstTest -->
