<?xml version="1.0" encoding="UTF-8"?>
<!-- Generated by org.testng.reporters.JUnitXMLReporter -->
<testsuite hostname="Dee-PC" name="FirstTest-test" tests="3" failures="2" timestamp="29 Mar 2018 20:45:57 GMT" time="17.174" errors="0">
  <testcase name="firstTest" time="3.333" classname="com.packt.tests.FirstTest">
    <failure type="java.lang.AssertionError" message="The following asserts failed:
Page source doesn&amp;apos;t contain expected text: You logged into a secure area!Broken">
      <![CDATA[java.lang.AssertionError: The following asserts failed:
Page source doesn't contain expected text: You logged into a secure area!Broken
	at com.packt.tests.FirstTest.firstTest(FirstTest.java:42)
	at java.util.concurrent.FutureTask.run(FutureTask.java:266)
	at java.util.concurrent.ThreadPoolExecutor.runWorker(ThreadPoolExecutor.java:1142)
	at java.util.concurrent.ThreadPoolExecutor$Worker.run(ThreadPoolExecutor.java:617)
	at java.lang.Thread.run(Thread.java:745)
... Removed 17 stack frames]]>
    </failure>
  </testcase> <!-- firstTest -->
  <testcase name="negativeLogInTest" time="1.965" classname="com.packt.tests.FirstTest"/>
  <testcase name="negativeLogInTest" time="1.818" classname="com.packt.tests.FirstTest">
    <failure type="java.lang.AssertionError" message="Actual and expected error messages are different. 
Expected: Your password is invalid!Broken 
Actual: Your password is invalid!
× expected [true] but found [false]">
      <![CDATA[java.lang.AssertionError: Actual and expected error messages are different. 
Expected: Your password is invalid!Broken 
Actual: Your password is invalid!
× expected [true] but found [false]
	at com.packt.tests.FirstTest.negativeLogInTest(FirstTest.java:61)
	at java.util.concurrent.FutureTask.run(FutureTask.java:266)
	at java.util.concurrent.ThreadPoolExecutor.runWorker(ThreadPoolExecutor.java:1142)
	at java.util.concurrent.ThreadPoolExecutor$Worker.run(ThreadPoolExecutor.java:617)
	at java.lang.Thread.run(Thread.java:745)
... Removed 19 stack frames]]>
    </failure>
  </testcase> <!-- negativeLogInTest -->
</testsuite> <!-- FirstTest-test -->
