<?xml version="1.0" encoding="UTF-8"?>
<!-- Generated by org.testng.reporters.JUnitXMLReporter -->
<testsuite hostname="Dee-PC" name="Troubleshooting" tests="4" failures="1" timestamp="29 Mar 2018 20:46:21 GMT" time="40.942" errors="0">
  <testcase name="otherTest" time="11.258" classname="com.packt.tests.Troubleshooting"/>
  <testcase name="staleElementTest" time="2.888" classname="com.packt.tests.Troubleshooting"/>
  <testcase name="visibilityTest" time="7.321" classname="com.packt.tests.Troubleshooting"/>
  <testcase name="waitTest" time="6.57" classname="com.packt.tests.Troubleshooting">
    <failure type="java.lang.AssertionError" message="&amp;apos;Good Bye World! text is not present on the page.&amp;apos; expected [true] but found [false]">
      <![CDATA[java.lang.AssertionError: 'Good Bye World! text is not present on the page.' expected [true] but found [false]
	at com.packt.tests.Troubleshooting.waitTest(Troubleshooting.java:32)
	at java.util.concurrent.FutureTask.run(FutureTask.java:266)
	at java.util.concurrent.ThreadPoolExecutor.runWorker(ThreadPoolExecutor.java:1142)
	at java.util.concurrent.ThreadPoolExecutor$Worker.run(ThreadPoolExecutor.java:617)
	at java.lang.Thread.run(Thread.java:745)
... Removed 19 stack frames]]>
    </failure>
  </testcase> <!-- waitTest -->
</testsuite> <!-- Troubleshooting -->
