<?xml version="1.0" encoding="UTF-8"?>
<!-- Generated by org.testng.reporters.JUnitXMLReporter -->
<testsuite hostname="Dee-PC" ignored="0" name="Troubleshooting-Test" tests="4" failures="1" timestamp="27 Mar 2018 19:40:11 GMT" time="39.97" errors="0">
  <testcase name="otherTest" time="10.243" classname="com.packt.tests.Troubleshooting"/>
  <testcase name="staleElementTest" time="2.509" classname="com.packt.tests.Troubleshooting"/>
  <testcase name="visibilityTest" time="6.442" classname="com.packt.tests.Troubleshooting"/>
  <testcase name="waitTest" time="6.537" classname="com.packt.tests.Troubleshooting">
    <failure type="java.lang.AssertionError" message="&amp;apos;Good Bye World! text is not present on the page.&amp;apos; expected [true] but found [false]">
      <![CDATA[java.lang.AssertionError: 'Good Bye World! text is not present on the page.' expected [true] but found [false]
at com.packt.tests.Troubleshooting.waitTest(Troubleshooting.java:32)
... Removed 32 stack frames]]>
    </failure>
  </testcase> <!-- waitTest -->
</testsuite> <!-- Troubleshooting-Test -->
