<?xml version="1.0" encoding="UTF-8"?>
<!-- Generated by org.testng.reporters.JUnitXMLReporter -->
<testsuite hostname="Dee-PC" ignored="1" name="NegativeLogIn-test" tests="2" failures="0" timestamp="10 Mar 2018 16:45:04 GMT" time="16.564" errors="0">
  <testcase name="negativeLogInTest" time="3.831" classname="com.packt.tests.FirstTest"/>
  <testcase name="negativeLogInTest" time="3.461" classname="com.packt.tests.FirstTest"/>
  <testcase name="firstTest" time="0.0" classname="com.packt.tests.FirstTest">
    <ignored/>
  </testcase> <!-- firstTest -->
</testsuite> <!-- NegativeLogIn-test -->
